<?xml version="1.0" encoding="UTF-8"?>
<!-- Generated by org.testng.reporters.JUnitReportReporter -->
<testsuite hostname="SanketR23" failures="0" tests="4" name="runnerClass.GreenCartRunnerClassTest" time="44.654" errors="0" timestamp="2024-05-22T18:14:12 IST" skipped="0">
  <testcase classname="runnerClass.GreenCartRunnerClassTest" name="runScenario" time="11.050"/>
  <testcase classname="runnerClass.GreenCartRunnerClassTest" name="runScenario" time="11.548"/>
  <testcase classname="runnerClass.GreenCartRunnerClassTest" name="runScenario" time="11.124"/>
  <testcase classname="runnerClass.GreenCartRunnerClassTest" name="runScenario" time="10.932"/>
</testsuite> <!-- runnerClass.GreenCartRunnerClassTest -->
